{"meta": {"format": 3, "version": "7.9.2", "timestamp": "2025-07-25T02:38:34.298511", "branch_coverage": false, "show_contexts": false}, "files": {"api/dependencies/message_validation.py": {"executed_lines": [1, 8, 9, 10, 13, 27, 28, 29, 42, 43, 44, 56, 59, 74, 75, 78, 81, 94, 96, 97, 99, 100, 101, 103, 104, 105, 106, 107, 112, 115, 116, 117, 130, 144, 146], "summary": {"covered_lines": 34, "num_statements": 40, "percent_covered": 85.0, "percent_covered_display": "85", "missing_lines": 6, "excluded_lines": 0}, "missing_lines": [109, 131, 132, 147, 148, 150], "excluded_lines": [], "functions": {"validate_message_dependency": {"executed_lines": [27, 28, 29, 42, 43, 44, 56], "summary": {"covered_lines": 7, "num_statements": 7, "percent_covered": 100.0, "percent_covered_display": "100", "missing_lines": 0, "excluded_lines": 0}, "missing_lines": [], "excluded_lines": []}, "validate_optional_message_dependency": {"executed_lines": [74, 75, 78], "summary": {"covered_lines": 3, "num_statements": 3, "percent_covered": 100.0, "percent_covered_display": "100", "missing_lines": 0, "excluded_lines": 0}, "missing_lines": [], "excluded_lines": []}, "validate_runs_request": {"executed_lines": [94, 96, 97, 99, 100, 101, 103, 104, 105, 106, 107, 112, 115, 116, 117, 130, 144, 146], "summary": {"covered_lines": 18, "num_statements": 24, "percent_covered": 75.0, "percent_covered_display": "75", "missing_lines": 6, "excluded_lines": 0}, "missing_lines": [109, 131, 132, 147, 148, 150], "excluded_lines": []}, "": {"executed_lines": [1, 8, 9, 10, 13, 59, 81], "summary": {"covered_lines": 6, "num_statements": 6, "percent_covered": 100.0, "percent_covered_display": "100", "missing_lines": 0, "excluded_lines": 0}, "missing_lines": [], "excluded_lines": []}}, "classes": {"": {"executed_lines": [1, 8, 9, 10, 13, 27, 28, 29, 42, 43, 44, 56, 59, 74, 75, 78, 81, 94, 96, 97, 99, 100, 101, 103, 104, 105, 106, 107, 112, 115, 116, 117, 130, 144, 146], "summary": {"covered_lines": 34, "num_statements": 40, "percent_covered": 85.0, "percent_covered_display": "85", "missing_lines": 6, "excluded_lines": 0}, "missing_lines": [109, 131, 132, 147, 148, 150], "excluded_lines": []}}}, "api/main.py": {"executed_lines": [1, 2, 3, 5, 6, 7, 8, 9, 12, 13, 24, 32, 43, 46, 50, 51, 53, 54, 55, 57, 58, 61, 69, 73], "summary": {"covered_lines": 24, "num_statements": 27, "percent_covered": 88.88888888888889, "percent_covered_display": "89", "missing_lines": 3, "excluded_lines": 0}, "missing_lines": [16, 17, 19], "excluded_lines": [], "functions": {"lifespan": {"executed_lines": [], "summary": {"covered_lines": 0, "num_statements": 3, "percent_covered": 0.0, "percent_covered_display": "0", "missing_lines": 3, "excluded_lines": 0}, "missing_lines": [16, 17, 19], "excluded_lines": []}, "create_app": {"executed_lines": [32, 43, 46, 50, 51, 53, 54, 55, 57, 58, 61, 69], "summary": {"covered_lines": 12, "num_statements": 12, "percent_covered": 100.0, "percent_covered_display": "100", "missing_lines": 0, "excluded_lines": 0}, "missing_lines": [], "excluded_lines": []}, "": {"executed_lines": [1, 2, 3, 5, 6, 7, 8, 9, 12, 13, 24, 73], "summary": {"covered_lines": 12, "num_statements": 12, "percent_covered": 100.0, "percent_covered_display": "100", "missing_lines": 0, "excluded_lines": 0}, "missing_lines": [], "excluded_lines": []}}, "classes": {"": {"executed_lines": [1, 2, 3, 5, 6, 7, 8, 9, 12, 13, 24, 32, 43, 46, 50, 51, 53, 54, 55, 57, 58, 61, 69, 73], "summary": {"covered_lines": 24, "num_statements": 27, "percent_covered": 88.88888888888889, "percent_covered_display": "89", "missing_lines": 3, "excluded_lines": 0}, "missing_lines": [16, 17, 19], "excluded_lines": []}}}, "api/routes/__init__.py": {"executed_lines": [0], "summary": {"covered_lines": 0, "num_statements": 0, "percent_covered": 100.0, "percent_covered_display": "100", "missing_lines": 0, "excluded_lines": 0}, "missing_lines": [], "excluded_lines": [], "functions": {"": {"executed_lines": [], "summary": {"covered_lines": 0, "num_statements": 0, "percent_covered": 100.0, "percent_covered_display": "100", "missing_lines": 0, "excluded_lines": 0}, "missing_lines": [], "excluded_lines": []}}, "classes": {"": {"executed_lines": [], "summary": {"covered_lines": 0, "num_statements": 0, "percent_covered": 100.0, "percent_covered_display": "100", "missing_lines": 0, "excluded_lines": 0}, "missing_lines": [], "excluded_lines": []}}}, "api/routes/health.py": {"executed_lines": [1, 2, 8, 11, 12, 15], "summary": {"covered_lines": 6, "num_statements": 6, "percent_covered": 100.0, "percent_covered_display": "100", "missing_lines": 0, "excluded_lines": 0}, "missing_lines": [], "excluded_lines": [], "functions": {"get_health": {"executed_lines": [15], "summary": {"covered_lines": 1, "num_statements": 1, "percent_covered": 100.0, "percent_covered_display": "100", "missing_lines": 0, "excluded_lines": 0}, "missing_lines": [], "excluded_lines": []}, "": {"executed_lines": [1, 2, 8, 11, 12], "summary": {"covered_lines": 5, "num_statements": 5, "percent_covered": 100.0, "percent_covered_display": "100", "missing_lines": 0, "excluded_lines": 0}, "missing_lines": [], "excluded_lines": []}}, "classes": {"": {"executed_lines": [1, 2, 8, 11, 12, 15], "summary": {"covered_lines": 6, "num_statements": 6, "percent_covered": 100.0, "percent_covered_display": "100", "missing_lines": 0, "excluded_lines": 0}, "missing_lines": [], "excluded_lines": []}}}, "api/routes/mcp_router.py": {"executed_lines": [1, 7, 8, 10, 11, 13, 16, 17, 24, 25, 26, 28, 39, 40, 47, 48, 49, 52, 53, 54, 55, 56, 68, 79, 80, 90, 92, 109, 110, 111, 119, 120, 127, 128, 129, 131, 132, 133, 134, 135, 145, 157], "summary": {"covered_lines": 41, "num_statements": 62, "percent_covered": 66.12903225806451, "percent_covered_display": "66", "missing_lines": 21, "excluded_lines": 0}, "missing_lines": [34, 35, 36, 62, 63, 74, 75, 76, 94, 95, 96, 97, 98, 99, 101, 142, 143, 151, 152, 153, 159], "excluded_lines": [], "functions": {"get_mcp_status": {"executed_lines": [24, 25, 26, 28], "summary": {"covered_lines": 4, "num_statements": 7, "percent_covered": 57.142857142857146, "percent_covered_display": "57", "missing_lines": 3, "excluded_lines": 0}, "missing_lines": [34, 35, 36], "excluded_lines": []}, "list_available_servers": {"executed_lines": [47, 48, 49, 52, 53, 54, 55, 56, 68], "summary": {"covered_lines": 9, "num_statements": 14, "percent_covered": 64.28571428571429, "percent_covered_display": "64", "missing_lines": 5, "excluded_lines": 0}, "missing_lines": [62, 63, 74, 75, 76], "excluded_lines": []}, "test_server_connection": {"executed_lines": [90, 92, 109, 110, 111], "summary": {"covered_lines": 5, "num_statements": 12, "percent_covered": 41.666666666666664, "percent_covered_display": "42", "missing_lines": 7, "excluded_lines": 0}, "missing_lines": [94, 95, 96, 97, 98, 99, 101], "excluded_lines": []}, "get_mcp_configuration": {"executed_lines": [127, 128, 129, 131, 132, 133, 134, 135, 145], "summary": {"covered_lines": 9, "num_statements": 14, "percent_covered": 64.28571428571429, "percent_covered_display": "64", "missing_lines": 5, "excluded_lines": 0}, "missing_lines": [142, 143, 151, 152, 153], "excluded_lines": []}, "register_mcp_routes": {"executed_lines": [], "summary": {"covered_lines": 0, "num_statements": 1, "percent_covered": 0.0, "percent_covered_display": "0", "missing_lines": 1, "excluded_lines": 0}, "missing_lines": [159], "excluded_lines": []}, "": {"executed_lines": [1, 7, 8, 10, 11, 13, 16, 17, 39, 40, 79, 80, 119, 120, 157], "summary": {"covered_lines": 14, "num_statements": 14, "percent_covered": 100.0, "percent_covered_display": "100", "missing_lines": 0, "excluded_lines": 0}, "missing_lines": [], "excluded_lines": []}}, "classes": {"": {"executed_lines": [1, 7, 8, 10, 11, 13, 16, 17, 24, 25, 26, 28, 39, 40, 47, 48, 49, 52, 53, 54, 55, 56, 68, 79, 80, 90, 92, 109, 110, 111, 119, 120, 127, 128, 129, 131, 132, 133, 134, 135, 145, 157], "summary": {"covered_lines": 41, "num_statements": 62, "percent_covered": 66.12903225806451, "percent_covered_display": "66", "missing_lines": 21, "excluded_lines": 0}, "missing_lines": [34, 35, 36, 62, 63, 74, 75, 76, 94, 95, 96, 97, 98, 99, 101, 142, 143, 151, 152, 153, 159], "excluded_lines": []}}}, "api/routes/v1_router.py": {"executed_lines": [1, 3, 4, 5, 7, 10, 11, 12], "summary": {"covered_lines": 8, "num_statements": 8, "percent_covered": 100.0, "percent_covered_display": "100", "missing_lines": 0, "excluded_lines": 0}, "missing_lines": [], "excluded_lines": [], "functions": {"": {"executed_lines": [1, 3, 4, 5, 7, 10, 11, 12], "summary": {"covered_lines": 8, "num_statements": 8, "percent_covered": 100.0, "percent_covered_display": "100", "missing_lines": 0, "excluded_lines": 0}, "missing_lines": [], "excluded_lines": []}}, "classes": {"": {"executed_lines": [1, 3, 4, 5, 7, 10, 11, 12], "summary": {"covered_lines": 8, "num_statements": 8, "percent_covered": 100.0, "percent_covered_display": "100", "missing_lines": 0, "excluded_lines": 0}, "missing_lines": [], "excluded_lines": []}}}, "api/routes/version_router.py": {"executed_lines": [1, 8, 9, 10, 11, 12, 14, 17, 20, 21, 22, 23, 24, 25, 26, 27, 28, 29, 30, 33, 34, 35, 36, 37, 38, 39, 40, 43, 44, 45, 46, 47, 48, 49, 52, 53, 54, 55, 58, 69, 70, 81, 82, 85, 86, 88, 89, 95, 98, 99, 101, 114, 115, 122, 131, 134, 135, 141, 143, 144, 154, 163, 164, 167, 168, 171, 172, 174, 189, 190, 196, 197, 199, 200, 205, 216, 217, 224, 226, 227, 235, 244, 245, 248, 249, 256, 258, 259, 266, 278, 279, 285, 287, 288, 294, 295, 301, 306, 310, 311, 317, 318, 320, 335, 336, 339, 340, 342, 343, 344, 345, 346, 353, 356, 357, 360, 361, 363, 364, 365, 366, 367, 373, 380], "summary": {"covered_lines": 119, "num_statements": 126, "percent_covered": 94.44444444444444, "percent_covered_display": "94", "missing_lines": 7, "excluded_lines": 0}, "missing_lines": [60, 61, 62, 66, 274, 275, 307], "excluded_lines": [], "functions": {"get_version_service": {"executed_lines": [], "summary": {"covered_lines": 0, "num_statements": 4, "percent_covered": 0.0, "percent_covered_display": "0", "missing_lines": 4, "excluded_lines": 0}, "missing_lines": [60, 61, 62, 66], "excluded_lines": []}, "execute_versioned_component": {"executed_lines": [81, 82, 85, 86, 88, 89, 95, 98, 99, 101, 114, 115, 122, 131], "summary": {"covered_lines": 14, "num_statements": 14, "percent_covered": 100.0, "percent_covered_display": "100", "missing_lines": 0, "excluded_lines": 0}, "missing_lines": [], "excluded_lines": []}, "create_component_version": {"executed_lines": [141, 143, 144, 154, 163, 164], "summary": {"covered_lines": 6, "num_statements": 6, "percent_covered": 100.0, "percent_covered_display": "100", "missing_lines": 0, "excluded_lines": 0}, "missing_lines": [], "excluded_lines": []}, "list_component_versions": {"executed_lines": [171, 172, 174], "summary": {"covered_lines": 3, "num_statements": 3, "percent_covered": 100.0, "percent_covered_display": "100", "missing_lines": 0, "excluded_lines": 0}, "missing_lines": [], "excluded_lines": []}, "get_component_version": {"executed_lines": [196, 197, 199, 200, 205], "summary": {"covered_lines": 5, "num_statements": 5, "percent_covered": 100.0, "percent_covered_display": "100", "missing_lines": 0, "excluded_lines": 0}, "missing_lines": [], "excluded_lines": []}, "update_component_version": {"executed_lines": [224, 226, 227, 235, 244, 245], "summary": {"covered_lines": 6, "num_statements": 6, "percent_covered": 100.0, "percent_covered_display": "100", "missing_lines": 0, "excluded_lines": 0}, "missing_lines": [], "excluded_lines": []}, "activate_component_version": {"executed_lines": [256, 258, 259, 266], "summary": {"covered_lines": 4, "num_statements": 6, "percent_covered": 66.66666666666667, "percent_covered_display": "67", "missing_lines": 2, "excluded_lines": 0}, "missing_lines": [274, 275], "excluded_lines": []}, "delete_component_version": {"executed_lines": [285, 287, 288, 294, 295, 301, 306], "summary": {"covered_lines": 7, "num_statements": 8, "percent_covered": 87.5, "percent_covered_display": "88", "missing_lines": 1, "excluded_lines": 0}, "missing_lines": [307], "excluded_lines": []}, "get_component_history": {"executed_lines": [317, 318, 320], "summary": {"covered_lines": 3, "num_statements": 3, "percent_covered": 100.0, "percent_covered_display": "100", "missing_lines": 0, "excluded_lines": 0}, "missing_lines": [], "excluded_lines": []}, "list_all_components": {"executed_lines": [339, 340, 342, 343, 344, 345, 346, 353], "summary": {"covered_lines": 8, "num_statements": 8, "percent_covered": 100.0, "percent_covered_display": "100", "missing_lines": 0, "excluded_lines": 0}, "missing_lines": [], "excluded_lines": []}, "list_components_by_type": {"executed_lines": [360, 361, 363, 364, 365, 366, 367, 373], "summary": {"covered_lines": 8, "num_statements": 8, "percent_covered": 100.0, "percent_covered_display": "100", "missing_lines": 0, "excluded_lines": 0}, "missing_lines": [], "excluded_lines": []}, "": {"executed_lines": [1, 8, 9, 10, 11, 12, 14, 17, 20, 21, 22, 23, 24, 25, 26, 27, 28, 29, 30, 33, 34, 35, 36, 37, 38, 39, 40, 43, 44, 45, 46, 47, 48, 49, 52, 53, 54, 55, 58, 69, 70, 134, 135, 167, 168, 189, 190, 216, 217, 248, 249, 278, 279, 310, 311, 335, 336, 356, 357, 380], "summary": {"covered_lines": 55, "num_statements": 55, "percent_covered": 100.0, "percent_covered_display": "100", "missing_lines": 0, "excluded_lines": 0}, "missing_lines": [], "excluded_lines": []}}, "classes": {"VersionedExecutionRequest": {"executed_lines": [], "summary": {"covered_lines": 0, "num_statements": 0, "percent_covered": 100.0, "percent_covered_display": "100", "missing_lines": 0, "excluded_lines": 0}, "missing_lines": [], "excluded_lines": []}, "VersionedExecutionResponse": {"executed_lines": [], "summary": {"covered_lines": 0, "num_statements": 0, "percent_covered": 100.0, "percent_covered_display": "100", "missing_lines": 0, "excluded_lines": 0}, "missing_lines": [], "excluded_lines": []}, "VersionCreateRequest": {"executed_lines": [], "summary": {"covered_lines": 0, "num_statements": 0, "percent_covered": 100.0, "percent_covered_display": "100", "missing_lines": 0, "excluded_lines": 0}, "missing_lines": [], "excluded_lines": []}, "VersionUpdateRequest": {"executed_lines": [], "summary": {"covered_lines": 0, "num_statements": 0, "percent_covered": 100.0, "percent_covered_display": "100", "missing_lines": 0, "excluded_lines": 0}, "missing_lines": [], "excluded_lines": []}, "": {"executed_lines": [1, 8, 9, 10, 11, 12, 14, 17, 20, 21, 22, 23, 24, 25, 26, 27, 28, 29, 30, 33, 34, 35, 36, 37, 38, 39, 40, 43, 44, 45, 46, 47, 48, 49, 52, 53, 54, 55, 58, 69, 70, 81, 82, 85, 86, 88, 89, 95, 98, 99, 101, 114, 115, 122, 131, 134, 135, 141, 143, 144, 154, 163, 164, 167, 168, 171, 172, 174, 189, 190, 196, 197, 199, 200, 205, 216, 217, 224, 226, 227, 235, 244, 245, 248, 249, 256, 258, 259, 266, 278, 279, 285, 287, 288, 294, 295, 301, 306, 310, 311, 317, 318, 320, 335, 336, 339, 340, 342, 343, 344, 345, 346, 353, 356, 357, 360, 361, 363, 364, 365, 366, 367, 373, 380], "summary": {"covered_lines": 119, "num_statements": 126, "percent_covered": 94.44444444444444, "percent_covered_display": "94", "missing_lines": 7, "excluded_lines": 0}, "missing_lines": [60, 61, 62, 66, 274, 275, 307], "excluded_lines": []}}}, "api/serve.py": {"executed_lines": [], "summary": {"covered_lines": 0, "num_statements": 256, "percent_covered": 0.0, "percent_covered_display": "0", "missing_lines": 256, "excluded_lines": 11}, "missing_lines": [6, 7, 9, 10, 11, 12, 13, 14, 18, 19, 20, 22, 23, 24, 25, 28, 31, 32, 33, 34, 36, 43, 46, 47, 48, 53, 54, 57, 59, 60, 61, 63, 64, 65, 66, 68, 69, 70, 71, 72, 73, 79, 82, 83, 86, 89, 92, 94, 95, 101, 102, 103, 104, 105, 106, 107, 110, 111, 112, 113, 114, 115, 117, 118, 119, 120, 122, 123, 124, 125, 126, 128, 130, 133, 134, 135, 136, 137, 138, 139, 141, 142, 143, 144, 145, 148, 150, 155, 157, 160, 161, 164, 167, 168, 169, 172, 173, 174, 175, 176, 179, 185, 186, 187, 189, 190, 191, 193, 196, 200, 201, 202, 205, 209, 212, 213, 217, 220, 221, 222, 226, 227, 230, 233, 234, 235, 238, 239, 240, 241, 242, 243, 244, 245, 246, 248, 251, 252, 254, 255, 256, 259, 268, 269, 272, 273, 274, 275, 276, 277, 278, 279, 281, 284, 285, 286, 287, 288, 289, 294, 302, 303, 304, 305, 308, 314, 315, 316, 318, 320, 322, 323, 324, 327, 336, 339, 340, 341, 342, 345, 346, 347, 350, 352, 355, 356, 357, 358, 360, 361, 362, 365, 366, 370, 371, 372, 373, 374, 375, 377, 378, 379, 380, 381, 382, 383, 385, 388, 389, 390, 393, 394, 396, 398, 399, 400, 402, 403, 404, 405, 408, 409, 411, 412, 413, 415, 416, 419, 430, 431, 440, 449, 450, 452, 456, 458, 461, 463, 465, 467, 468, 470, 472, 473, 474, 475, 476, 479, 481, 482, 483, 485, 487, 488, 492, 493], "excluded_lines": [496, 497, 501, 502, 503, 504, 508, 514, 515, 516, 520], "functions": {"create_lifespan": {"executed_lines": [], "summary": {"covered_lines": 0, "num_statements": 3, "percent_covered": 0.0, "percent_covered_display": "0", "missing_lines": 3, "excluded_lines": 0}, "missing_lines": [94, 95, 150], "excluded_lines": []}, "create_lifespan.lifespan": {"executed_lines": [], "summary": {"covered_lines": 0, "num_statements": 24, "percent_covered": 0.0, "percent_covered_display": "0", "missing_lines": 24, "excluded_lines": 0}, "missing_lines": [101, 102, 103, 104, 105, 106, 107, 110, 111, 112, 122, 123, 124, 125, 126, 128, 130, 133, 141, 142, 143, 144, 145, 148], "excluded_lines": []}, "create_lifespan.lifespan._send_startup_notification": {"executed_lines": [], "summary": {"covered_lines": 0, "num_statements": 7, "percent_covered": 0.0, "percent_covered_display": "0", "missing_lines": 7, "excluded_lines": 0}, "missing_lines": [113, 114, 115, 117, 118, 119, 120], "excluded_lines": []}, "create_lifespan.lifespan._send_shutdown_notification": {"executed_lines": [], "summary": {"covered_lines": 0, "num_statements": 6, "percent_covered": 0.0, "percent_covered_display": "0", "missing_lines": 6, "excluded_lines": 0}, "missing_lines": [134, 135, 136, 137, 138, 139], "excluded_lines": []}, "_create_simple_sync_api": {"executed_lines": [], "summary": {"covered_lines": 0, "num_statements": 18, "percent_covered": 0.0, "percent_covered_display": "0", "missing_lines": 18, "excluded_lines": 0}, "missing_lines": [157, 160, 161, 164, 167, 168, 169, 172, 173, 174, 175, 176, 179, 185, 186, 189, 190, 193], "excluded_lines": []}, "_create_simple_sync_api.root": {"executed_lines": [], "summary": {"covered_lines": 0, "num_statements": 1, "percent_covered": 0.0, "percent_covered_display": "0", "missing_lines": 1, "excluded_lines": 0}, "missing_lines": [187], "excluded_lines": []}, "_create_simple_sync_api.health": {"executed_lines": [], "summary": {"covered_lines": 0, "num_statements": 1, "percent_covered": 0.0, "percent_covered_display": "0", "missing_lines": 1, "excluded_lines": 0}, "missing_lines": [191], "excluded_lines": []}, "_async_create_automagik_api": {"executed_lines": [], "summary": {"covered_lines": 0, "num_statements": 125, "percent_covered": 0.0, "percent_covered_display": "0", "missing_lines": 125, "excluded_lines": 0}, "missing_lines": [200, 201, 202, 205, 209, 212, 213, 217, 220, 221, 222, 226, 227, 230, 233, 234, 235, 238, 239, 240, 241, 242, 243, 244, 245, 246, 248, 251, 252, 254, 255, 256, 259, 268, 269, 272, 273, 274, 275, 276, 277, 278, 279, 281, 284, 285, 286, 287, 288, 289, 294, 302, 303, 304, 305, 308, 314, 315, 316, 318, 320, 322, 323, 324, 327, 336, 339, 340, 341, 342, 345, 346, 347, 350, 352, 355, 356, 357, 358, 360, 361, 362, 365, 366, 370, 371, 372, 373, 374, 375, 377, 378, 379, 380, 381, 382, 383, 385, 388, 389, 390, 393, 394, 396, 398, 399, 400, 402, 403, 404, 405, 408, 409, 411, 412, 413, 415, 416, 419, 430, 431, 440, 449, 450, 452], "excluded_lines": []}, "create_automagik_api": {"executed_lines": [], "summary": {"covered_lines": 0, "num_statements": 12, "percent_covered": 0.0, "percent_covered_display": "0", "missing_lines": 12, "excluded_lines": 0}, "missing_lines": [461, 463, 465, 467, 468, 470, 481, 482, 483, 485, 487, 488], "excluded_lines": []}, "create_automagik_api.run_async_in_thread": {"executed_lines": [], "summary": {"covered_lines": 0, "num_statements": 6, "percent_covered": 0.0, "percent_covered_display": "0", "missing_lines": 6, "excluded_lines": 0}, "missing_lines": [472, 473, 474, 475, 476, 479], "excluded_lines": []}, "": {"executed_lines": [], "summary": {"covered_lines": 0, "num_statements": 53, "percent_covered": 0.0, "percent_covered_display": "0", "missing_lines": 53, "excluded_lines": 11}, "missing_lines": [6, 7, 9, 10, 11, 12, 13, 14, 18, 19, 20, 22, 23, 24, 25, 28, 31, 32, 33, 34, 36, 43, 46, 47, 48, 53, 54, 57, 59, 60, 61, 63, 64, 65, 66, 68, 69, 70, 71, 72, 73, 79, 82, 83, 86, 89, 92, 155, 196, 456, 458, 492, 493], "excluded_lines": [496, 497, 501, 502, 503, 504, 508, 514, 515, 516, 520]}}, "classes": {"": {"executed_lines": [], "summary": {"covered_lines": 0, "num_statements": 256, "percent_covered": 0.0, "percent_covered_display": "0", "missing_lines": 256, "excluded_lines": 11}, "missing_lines": [6, 7, 9, 10, 11, 12, 13, 14, 18, 19, 20, 22, 23, 24, 25, 28, 31, 32, 33, 34, 36, 43, 46, 47, 48, 53, 54, 57, 59, 60, 61, 63, 64, 65, 66, 68, 69, 70, 71, 72, 73, 79, 82, 83, 86, 89, 92, 94, 95, 101, 102, 103, 104, 105, 106, 107, 110, 111, 112, 113, 114, 115, 117, 118, 119, 120, 122, 123, 124, 125, 126, 128, 130, 133, 134, 135, 136, 137, 138, 139, 141, 142, 143, 144, 145, 148, 150, 155, 157, 160, 161, 164, 167, 168, 169, 172, 173, 174, 175, 176, 179, 185, 186, 187, 189, 190, 191, 193, 196, 200, 201, 202, 205, 209, 212, 213, 217, 220, 221, 222, 226, 227, 230, 233, 234, 235, 238, 239, 240, 241, 242, 243, 244, 245, 246, 248, 251, 252, 254, 255, 256, 259, 268, 269, 272, 273, 274, 275, 276, 277, 278, 279, 281, 284, 285, 286, 287, 288, 289, 294, 302, 303, 304, 305, 308, 314, 315, 316, 318, 320, 322, 323, 324, 327, 336, 339, 340, 341, 342, 345, 346, 347, 350, 352, 355, 356, 357, 358, 360, 361, 362, 365, 366, 370, 371, 372, 373, 374, 375, 377, 378, 379, 380, 381, 382, 383, 385, 388, 389, 390, 393, 394, 396, 398, 399, 400, 402, 403, 404, 405, 408, 409, 411, 412, 413, 415, 416, 419, 430, 431, 440, 449, 450, 452, 456, 458, 461, 463, 465, 467, 468, 470, 472, 473, 474, 475, 476, 479, 481, 482, 483, 485, 487, 488, 492, 493], "excluded_lines": [496, 497, 501, 502, 503, 504, 508, 514, 515, 516, 520]}}}, "api/settings.py": {"executed_lines": [1, 2, 4, 5, 6, 9, 10, 16, 17, 21, 24, 30, 32, 33, 36, 37, 40, 42, 43, 45, 47, 49, 69], "summary": {"covered_lines": 22, "num_statements": 30, "percent_covered": 73.33333333333333, "percent_covered_display": "73", "missing_lines": 8, "excluded_lines": 0}, "missing_lines": [38, 52, 53, 54, 60, 62, 63, 65], "excluded_lines": [], "functions": {"ApiSettings.validate_environment": {"executed_lines": [36, 37, 40], "summary": {"covered_lines": 3, "num_statements": 4, "percent_covered": 75.0, "percent_covered_display": "75", "missing_lines": 1, "excluded_lines": 0}, "missing_lines": [38], "excluded_lines": []}, "ApiSettings.set_cors_origin_list": {"executed_lines": [45, 47, 49], "summary": {"covered_lines": 3, "num_statements": 10, "percent_covered": 30.0, "percent_covered_display": "30", "missing_lines": 7, "excluded_lines": 0}, "missing_lines": [52, 53, 54, 60, 62, 63, 65], "excluded_lines": []}, "": {"executed_lines": [1, 2, 4, 5, 6, 9, 10, 16, 17, 21, 24, 30, 32, 33, 42, 43, 69], "summary": {"covered_lines": 16, "num_statements": 16, "percent_covered": 100.0, "percent_covered_display": "100", "missing_lines": 0, "excluded_lines": 0}, "missing_lines": [], "excluded_lines": []}}, "classes": {"ApiSettings": {"executed_lines": [36, 37, 40, 45, 47, 49], "summary": {"covered_lines": 6, "num_statements": 14, "percent_covered": 42.857142857142854, "percent_covered_display": "43", "missing_lines": 8, "excluded_lines": 0}, "missing_lines": [38, 52, 53, 54, 60, 62, 63, 65], "excluded_lines": []}, "": {"executed_lines": [1, 2, 4, 5, 6, 9, 10, 16, 17, 21, 24, 30, 32, 33, 42, 43, 69], "summary": {"covered_lines": 16, "num_statements": 16, "percent_covered": 100.0, "percent_covered_display": "100", "missing_lines": 0, "excluded_lines": 0}, "missing_lines": [], "excluded_lines": []}}}}, "totals": {"covered_lines": 254, "num_statements": 555, "percent_covered": 45.765765765765764, "percent_covered_display": "46", "missing_lines": 301, "excluded_lines": 11}}