{"meta": {"format": 3, "version": "7.10.3", "timestamp": "2025-08-15T02:05:46.624989", "branch_coverage": false, "show_contexts": false}, "files": {"lib/versioning/__init__.py": {"executed_lines": [1, 7, 9], "summary": {"covered_lines": 2, "num_statements": 2, "percent_covered": 100.0, "percent_covered_display": "100", "missing_lines": 0, "excluded_lines": 0}, "missing_lines": [], "excluded_lines": [], "functions": {"": {"executed_lines": [1, 7, 9], "summary": {"covered_lines": 2, "num_statements": 2, "percent_covered": 100.0, "percent_covered_display": "100", "missing_lines": 0, "excluded_lines": 0}, "missing_lines": [], "excluded_lines": []}}, "classes": {"": {"executed_lines": [1, 7, 9], "summary": {"covered_lines": 2, "num_statements": 2, "percent_covered": 100.0, "percent_covered_display": "100", "missing_lines": 0, "excluded_lines": 0}, "missing_lines": [], "excluded_lines": []}}}, "lib/versioning/agno_version_service.py": {"executed_lines": [1, 7, 9, 11, 14, 17, 22, 23, 25, 26, 27, 28, 29, 30, 31, 32, 35, 36, 38, 39, 40, 41, 42, 43, 44, 45, 48, 49, 51, 53, 54, 55, 56, 58, 60, 71, 73, 84, 94, 98, 108, 118, 127, 129, 131, 133, 137, 140, 142, 144, 146, 148, 149, 151, 155, 157, 161, 167, 169, 171, 173, 174, 176, 178, 180, 184, 185, 187, 189, 191, 193, 195, 198, 199, 201, 203, 205, 213, 215, 216, 217, 219, 220, 221, 223, 224, 227, 228, 229, 232, 242, 245, 246, 248, 249], "summary": {"covered_lines": 91, "num_statements": 91, "percent_covered": 100.0, "percent_covered_display": "100", "missing_lines": 0, "excluded_lines": 0}, "missing_lines": [], "excluded_lines": [], "functions": {"AgnoVersionService.__init__": {"executed_lines": [53, 54, 55, 56], "summary": {"covered_lines": 4, "num_statements": 4, "percent_covered": 100.0, "percent_covered_display": "100", "missing_lines": 0, "excluded_lines": 0}, "missing_lines": [], "excluded_lines": []}, "AgnoVersionService._db_to_version_info": {"executed_lines": [60], "summary": {"covered_lines": 1, "num_statements": 1, "percent_covered": 100.0, "percent_covered_display": "100", "missing_lines": 0, "excluded_lines": 0}, "missing_lines": [], "excluded_lines": []}, "AgnoVersionService._db_to_version_history": {"executed_lines": [73], "summary": {"covered_lines": 1, "num_statements": 1, "percent_covered": 100.0, "percent_covered_display": "100", "missing_lines": 0, "excluded_lines": 0}, "missing_lines": [], "excluded_lines": []}, "AgnoVersionService.create_version": {"executed_lines": [94], "summary": {"covered_lines": 1, "num_statements": 1, "percent_covered": 100.0, "percent_covered_display": "100", "missing_lines": 0, "excluded_lines": 0}, "missing_lines": [], "excluded_lines": []}, "AgnoVersionService._create_version_async": {"executed_lines": [108, 118, 127], "summary": {"covered_lines": 3, "num_statements": 3, "percent_covered": 100.0, "percent_covered_display": "100", "missing_lines": 0, "excluded_lines": 0}, "missing_lines": [], "excluded_lines": []}, "AgnoVersionService.get_version": {"executed_lines": [131], "summary": {"covered_lines": 1, "num_statements": 1, "percent_covered": 100.0, "percent_covered_display": "100", "missing_lines": 0, "excluded_lines": 0}, "missing_lines": [], "excluded_lines": []}, "AgnoVersionService._get_version_async": {"executed_lines": [137, 140], "summary": {"covered_lines": 2, "num_statements": 2, "percent_covered": 100.0, "percent_covered_display": "100", "missing_lines": 0, "excluded_lines": 0}, "missing_lines": [], "excluded_lines": []}, "AgnoVersionService.get_active_version": {"executed_lines": [144], "summary": {"covered_lines": 1, "num_statements": 1, "percent_covered": 100.0, "percent_covered_display": "100", "missing_lines": 0, "excluded_lines": 0}, "missing_lines": [], "excluded_lines": []}, "AgnoVersionService._get_active_version_async": {"executed_lines": [148, 149], "summary": {"covered_lines": 2, "num_statements": 2, "percent_covered": 100.0, "percent_covered_display": "100", "missing_lines": 0, "excluded_lines": 0}, "missing_lines": [], "excluded_lines": []}, "AgnoVersionService.set_active_version": {"executed_lines": [155], "summary": {"covered_lines": 1, "num_statements": 1, "percent_covered": 100.0, "percent_covered_display": "100", "missing_lines": 0, "excluded_lines": 0}, "missing_lines": [], "excluded_lines": []}, "AgnoVersionService._set_active_version_async": {"executed_lines": [161], "summary": {"covered_lines": 1, "num_statements": 1, "percent_covered": 100.0, "percent_covered_display": "100", "missing_lines": 0, "excluded_lines": 0}, "missing_lines": [], "excluded_lines": []}, "AgnoVersionService.list_versions": {"executed_lines": [169], "summary": {"covered_lines": 1, "num_statements": 1, "percent_covered": 100.0, "percent_covered_display": "100", "missing_lines": 0, "excluded_lines": 0}, "missing_lines": [], "excluded_lines": []}, "AgnoVersionService._list_versions_async": {"executed_lines": [173, 174], "summary": {"covered_lines": 2, "num_statements": 2, "percent_covered": 100.0, "percent_covered_display": "100", "missing_lines": 0, "excluded_lines": 0}, "missing_lines": [], "excluded_lines": []}, "AgnoVersionService.get_version_history": {"executed_lines": [178], "summary": {"covered_lines": 1, "num_statements": 1, "percent_covered": 100.0, "percent_covered_display": "100", "missing_lines": 0, "excluded_lines": 0}, "missing_lines": [], "excluded_lines": []}, "AgnoVersionService._get_version_history_async": {"executed_lines": [184, 185], "summary": {"covered_lines": 2, "num_statements": 2, "percent_covered": 100.0, "percent_covered_display": "100", "missing_lines": 0, "excluded_lines": 0}, "missing_lines": [], "excluded_lines": []}, "AgnoVersionService.get_all_components": {"executed_lines": [189], "summary": {"covered_lines": 1, "num_statements": 1, "percent_covered": 100.0, "percent_covered_display": "100", "missing_lines": 0, "excluded_lines": 0}, "missing_lines": [], "excluded_lines": []}, "AgnoVersionService.get_components_by_type": {"executed_lines": [193], "summary": {"covered_lines": 1, "num_statements": 1, "percent_covered": 100.0, "percent_covered_display": "100", "missing_lines": 0, "excluded_lines": 0}, "missing_lines": [], "excluded_lines": []}, "AgnoVersionService.sync_component_type": {"executed_lines": [198, 199], "summary": {"covered_lines": 2, "num_statements": 2, "percent_covered": 100.0, "percent_covered_display": "100", "missing_lines": 0, "excluded_lines": 0}, "missing_lines": [], "excluded_lines": []}, "AgnoVersionService.sync_on_startup": {"executed_lines": [203], "summary": {"covered_lines": 1, "num_statements": 1, "percent_covered": 100.0, "percent_covered_display": "100", "missing_lines": 0, "excluded_lines": 0}, "missing_lines": [], "excluded_lines": []}, "AgnoVersionService.sync_from_yaml": {"executed_lines": [213, 215, 216, 217, 219, 220, 221, 223, 224, 227, 228, 229, 232, 242, 245, 246, 248, 249], "summary": {"covered_lines": 18, "num_statements": 18, "percent_covered": 100.0, "percent_covered_display": "100", "missing_lines": 0, "excluded_lines": 0}, "missing_lines": [], "excluded_lines": []}, "": {"executed_lines": [1, 7, 9, 11, 14, 17, 22, 23, 25, 26, 27, 28, 29, 30, 31, 32, 35, 36, 38, 39, 40, 41, 42, 43, 44, 45, 48, 49, 51, 58, 71, 84, 98, 129, 133, 142, 146, 151, 157, 167, 171, 176, 180, 187, 191, 195, 201, 205], "summary": {"covered_lines": 44, "num_statements": 44, "percent_covered": 100.0, "percent_covered_display": "100", "missing_lines": 0, "excluded_lines": 0}, "missing_lines": [], "excluded_lines": []}}, "classes": {"VersionInfo": {"executed_lines": [], "summary": {"covered_lines": 0, "num_statements": 0, "percent_covered": 100.0, "percent_covered_display": "100", "missing_lines": 0, "excluded_lines": 0}, "missing_lines": [], "excluded_lines": []}, "VersionHistory": {"executed_lines": [], "summary": {"covered_lines": 0, "num_statements": 0, "percent_covered": 100.0, "percent_covered_display": "100", "missing_lines": 0, "excluded_lines": 0}, "missing_lines": [], "excluded_lines": []}, "AgnoVersionService": {"executed_lines": [53, 54, 55, 56, 60, 73, 94, 108, 118, 127, 131, 137, 140, 144, 148, 149, 155, 161, 169, 173, 174, 178, 184, 185, 189, 193, 198, 199, 203, 213, 215, 216, 217, 219, 220, 221, 223, 224, 227, 228, 229, 232, 242, 245, 246, 248, 249], "summary": {"covered_lines": 47, "num_statements": 47, "percent_covered": 100.0, "percent_covered_display": "100", "missing_lines": 0, "excluded_lines": 0}, "missing_lines": [], "excluded_lines": []}, "": {"executed_lines": [1, 7, 9, 11, 14, 17, 22, 23, 25, 26, 27, 28, 29, 30, 31, 32, 35, 36, 38, 39, 40, 41, 42, 43, 44, 45, 48, 49, 51, 58, 71, 84, 98, 129, 133, 142, 146, 151, 157, 167, 171, 176, 180, 187, 191, 195, 201, 205], "summary": {"covered_lines": 44, "num_statements": 44, "percent_covered": 100.0, "percent_covered_display": "100", "missing_lines": 0, "excluded_lines": 0}, "missing_lines": [], "excluded_lines": []}}}, "lib/versioning/bidirectional_sync.py": {"executed_lines": [1, 8, 9, 11, 13, 14, 15, 17, 20, 21, 23, 30, 31, 33, 49, 54, 57, 58, 59, 61, 62, 63, 65, 66, 67, 71, 73, 74, 77, 79, 81, 82, 85, 87, 89, 90, 91, 94, 95, 97, 110, 111, 112, 113, 116, 117, 120, 122, 123, 124, 125, 127, 143, 144, 153, 158, 163, 164, 165, 168, 170, 186, 188, 197, 202, 207, 210, 211, 214, 216, 227, 228, 231, 232, 236, 239, 240, 243, 245, 261, 262, 265, 267, 268, 270, 271, 273, 276, 277, 278], "summary": {"covered_lines": 88, "num_statements": 90, "percent_covered": 97.77777777777777, "percent_covered_display": "98", "missing_lines": 2, "excluded_lines": 0}, "missing_lines": [159, 203], "excluded_lines": [], "functions": {"BidirectionalSync.__init__": {"executed_lines": [30, 31], "summary": {"covered_lines": 2, "num_statements": 2, "percent_covered": 100.0, "percent_covered_display": "100", "missing_lines": 0, "excluded_lines": 0}, "missing_lines": [], "excluded_lines": []}, "BidirectionalSync.sync_component": {"executed_lines": [49, 54, 57, 58, 59, 61, 62, 63, 65, 66, 67, 71, 73, 74, 77, 79, 81, 82, 85, 87, 89, 90, 91, 94, 95], "summary": {"covered_lines": 25, "num_statements": 25, "percent_covered": 100.0, "percent_covered_display": "100", "missing_lines": 0, "excluded_lines": 0}, "missing_lines": [], "excluded_lines": []}, "BidirectionalSync._load_yaml_config": {"executed_lines": [110, 111, 112, 113, 116, 117, 120, 122, 123, 124, 125], "summary": {"covered_lines": 11, "num_statements": 11, "percent_covered": 100.0, "percent_covered_display": "100", "missing_lines": 0, "excluded_lines": 0}, "missing_lines": [], "excluded_lines": []}, "BidirectionalSync._create_db_version": {"executed_lines": [143, 144, 153, 158, 163, 164, 165, 168], "summary": {"covered_lines": 8, "num_statements": 9, "percent_covered": 88.88888888888889, "percent_covered_display": "89", "missing_lines": 1, "excluded_lines": 0}, "missing_lines": [159], "excluded_lines": []}, "BidirectionalSync._update_db_from_yaml": {"executed_lines": [186, 188, 197, 202, 207, 210, 211, 214], "summary": {"covered_lines": 8, "num_statements": 9, "percent_covered": 88.88888888888889, "percent_covered_display": "89", "missing_lines": 1, "excluded_lines": 0}, "missing_lines": [203], "excluded_lines": []}, "BidirectionalSync._update_yaml_from_db": {"executed_lines": [227, 228, 231, 232, 236, 239, 240, 243], "summary": {"covered_lines": 8, "num_statements": 8, "percent_covered": 100.0, "percent_covered_display": "100", "missing_lines": 0, "excluded_lines": 0}, "missing_lines": [], "excluded_lines": []}, "BidirectionalSync.write_back_to_yaml": {"executed_lines": [261, 262, 265, 267, 268, 270, 271, 273, 276, 277, 278], "summary": {"covered_lines": 11, "num_statements": 11, "percent_covered": 100.0, "percent_covered_display": "100", "missing_lines": 0, "excluded_lines": 0}, "missing_lines": [], "excluded_lines": []}, "": {"executed_lines": [1, 8, 9, 11, 13, 14, 15, 17, 20, 21, 23, 33, 97, 127, 170, 216, 245], "summary": {"covered_lines": 15, "num_statements": 15, "percent_covered": 100.0, "percent_covered_display": "100", "missing_lines": 0, "excluded_lines": 0}, "missing_lines": [], "excluded_lines": []}}, "classes": {"BidirectionalSync": {"executed_lines": [30, 31, 49, 54, 57, 58, 59, 61, 62, 63, 65, 66, 67, 71, 73, 74, 77, 79, 81, 82, 85, 87, 89, 90, 91, 94, 95, 110, 111, 112, 113, 116, 117, 120, 122, 123, 124, 125, 143, 144, 153, 158, 163, 164, 165, 168, 186, 188, 197, 202, 207, 210, 211, 214, 227, 228, 231, 232, 236, 239, 240, 243, 261, 262, 265, 267, 268, 270, 271, 273, 276, 277, 278], "summary": {"covered_lines": 73, "num_statements": 75, "percent_covered": 97.33333333333333, "percent_covered_display": "97", "missing_lines": 2, "excluded_lines": 0}, "missing_lines": [159, 203], "excluded_lines": []}, "": {"executed_lines": [1, 8, 9, 11, 13, 14, 15, 17, 20, 21, 23, 33, 97, 127, 170, 216, 245], "summary": {"covered_lines": 15, "num_statements": 15, "percent_covered": 100.0, "percent_covered_display": "100", "missing_lines": 0, "excluded_lines": 0}, "missing_lines": [], "excluded_lines": []}}}, "lib/versioning/dev_mode.py": {"executed_lines": [1, 8, 11, 12, 14, 15, 22, 24, 25, 32, 33, 34], "summary": {"covered_lines": 10, "num_statements": 10, "percent_covered": 100.0, "percent_covered_display": "100", "missing_lines": 0, "excluded_lines": 0}, "missing_lines": [], "excluded_lines": [], "functions": {"DevMode.is_enabled": {"executed_lines": [22], "summary": {"covered_lines": 1, "num_statements": 1, "percent_covered": 100.0, "percent_covered_display": "100", "missing_lines": 0, "excluded_lines": 0}, "missing_lines": [], "excluded_lines": []}, "DevMode.get_mode_description": {"executed_lines": [32, 33, 34], "summary": {"covered_lines": 3, "num_statements": 3, "percent_covered": 100.0, "percent_covered_display": "100", "missing_lines": 0, "excluded_lines": 0}, "missing_lines": [], "excluded_lines": []}, "": {"executed_lines": [1, 8, 11, 12, 14, 15, 24, 25], "summary": {"covered_lines": 6, "num_statements": 6, "percent_covered": 100.0, "percent_covered_display": "100", "missing_lines": 0, "excluded_lines": 0}, "missing_lines": [], "excluded_lines": []}}, "classes": {"DevMode": {"executed_lines": [22, 32, 33, 34], "summary": {"covered_lines": 4, "num_statements": 4, "percent_covered": 100.0, "percent_covered_display": "100", "missing_lines": 0, "excluded_lines": 0}, "missing_lines": [], "excluded_lines": []}, "": {"executed_lines": [1, 8, 11, 12, 14, 15, 24, 25], "summary": {"covered_lines": 6, "num_statements": 6, "percent_covered": 100.0, "percent_covered_display": "100", "missing_lines": 0, "excluded_lines": 0}, "missing_lines": [], "excluded_lines": []}}}, "lib/versioning/file_sync_tracker.py": {"executed_lines": [1, 8, 9, 10, 12, 15, 16, 18, 20, 22, 33, 39, 40, 41, 43, 45, 58, 59, 60, 63, 65, 67, 70, 72, 73, 77, 78, 80, 82, 92, 93, 94, 95, 96, 98, 108, 109, 110, 111, 112], "summary": {"covered_lines": 38, "num_statements": 39, "percent_covered": 97.43589743589743, "percent_covered_display": "97", "missing_lines": 1, "excluded_lines": 0}, "missing_lines": [75], "excluded_lines": [], "functions": {"FileSyncTracker.__init__": {"executed_lines": [20], "summary": {"covered_lines": 1, "num_statements": 1, "percent_covered": 100.0, "percent_covered_display": "100", "missing_lines": 0, "excluded_lines": 0}, "missing_lines": [], "excluded_lines": []}, "FileSyncTracker._get_yaml_path": {"executed_lines": [33, 39, 40, 41, 43], "summary": {"covered_lines": 5, "num_statements": 5, "percent_covered": 100.0, "percent_covered_display": "100", "missing_lines": 0, "excluded_lines": 0}, "missing_lines": [], "excluded_lines": []}, "FileSyncTracker.yaml_newer_than_db": {"executed_lines": [58, 59, 60, 63, 65, 67, 70, 72, 73, 77, 78, 80], "summary": {"covered_lines": 12, "num_statements": 13, "percent_covered": 92.3076923076923, "percent_covered_display": "92", "missing_lines": 1, "excluded_lines": 0}, "missing_lines": [75], "excluded_lines": []}, "FileSyncTracker.get_yaml_modification_time": {"executed_lines": [92, 93, 94, 95, 96], "summary": {"covered_lines": 5, "num_statements": 5, "percent_covered": 100.0, "percent_covered_display": "100", "missing_lines": 0, "excluded_lines": 0}, "missing_lines": [], "excluded_lines": []}, "FileSyncTracker.yaml_exists": {"executed_lines": [108, 109, 110, 111, 112], "summary": {"covered_lines": 5, "num_statements": 5, "percent_covered": 100.0, "percent_covered_display": "100", "missing_lines": 0, "excluded_lines": 0}, "missing_lines": [], "excluded_lines": []}, "": {"executed_lines": [1, 8, 9, 10, 12, 15, 16, 18, 22, 45, 82, 98], "summary": {"covered_lines": 10, "num_statements": 10, "percent_covered": 100.0, "percent_covered_display": "100", "missing_lines": 0, "excluded_lines": 0}, "missing_lines": [], "excluded_lines": []}}, "classes": {"FileSyncTracker": {"executed_lines": [20, 33, 39, 40, 41, 43, 58, 59, 60, 63, 65, 67, 70, 72, 73, 77, 78, 80, 92, 93, 94, 95, 96, 108, 109, 110, 111, 112], "summary": {"covered_lines": 28, "num_statements": 29, "percent_covered": 96.55172413793103, "percent_covered_display": "97", "missing_lines": 1, "excluded_lines": 0}, "missing_lines": [75], "excluded_lines": []}, "": {"executed_lines": [1, 8, 9, 10, 12, 15, 16, 18, 22, 45, 82, 98], "summary": {"covered_lines": 10, "num_statements": 10, "percent_covered": 100.0, "percent_covered_display": "100", "missing_lines": 0, "excluded_lines": 0}, "missing_lines": [], "excluded_lines": []}}}}, "totals": {"covered_lines": 229, "num_statements": 232, "percent_covered": 98.70689655172414, "percent_covered_display": "99", "missing_lines": 3, "excluded_lines": 0}}